c:\neumontworkspace\introtogameprogramming\gat150  gameengine\bin\engine\debug\engine.pdb
c:\neumontworkspace\introtogameprogramming\gat150  gameengine\bin\engine\debug\engine.idb
c:\neumontworkspace\introtogameprogramming\gat150  gameengine\temp\engine\debug\scene.obj
c:\neumontworkspace\introtogameprogramming\gat150  gameengine\temp\engine\debug\object.obj
c:\neumontworkspace\introtogameprogramming\gat150  gameengine\temp\engine\debug\actor.obj
c:\neumontworkspace\introtogameprogramming\gat150  gameengine\temp\engine\debug\observer.obj
c:\neumontworkspace\introtogameprogramming\gat150  gameengine\temp\engine\debug\eventsystem.obj
c:\neumontworkspace\introtogameprogramming\gat150  gameengine\temp\engine\debug\engine.obj
c:\neumontworkspace\introtogameprogramming\gat150  gameengine\temp\engine\debug\json.obj
c:\neumontworkspace\introtogameprogramming\gat150  gameengine\temp\engine\debug\estring.obj
c:\neumontworkspace\introtogameprogramming\gat150  gameengine\temp\engine\debug\enginetime.obj
c:\neumontworkspace\introtogameprogramming\gat150  gameengine\temp\engine\debug\efile.obj
c:\neumontworkspace\introtogameprogramming\gat150  gameengine\temp\engine\debug\eassert.obj
c:\neumontworkspace\introtogameprogramming\gat150  gameengine\temp\engine\debug\tilemapcomponent.obj
c:\neumontworkspace\introtogameprogramming\gat150  gameengine\temp\engine\debug\texturecomponent.obj
c:\neumontworkspace\introtogameprogramming\gat150  gameengine\temp\engine\debug\textcomponent.obj
c:\neumontworkspace\introtogameprogramming\gat150  gameengine\temp\engine\debug\physicscomponent.obj
c:\neumontworkspace\introtogameprogramming\gat150  gameengine\temp\engine\debug\enginephysicscomponent.obj
c:\neumontworkspace\introtogameprogramming\gat150  gameengine\temp\engine\debug\circlecollisioncomponent.obj
c:\neumontworkspace\introtogameprogramming\gat150  gameengine\temp\engine\debug\box2dphysicscomponent.obj
c:\neumontworkspace\introtogameprogramming\gat150  gameengine\temp\engine\debug\audioclip.obj
c:\neumontworkspace\introtogameprogramming\gat150  gameengine\temp\engine\debug\audio.obj
c:\neumontworkspace\introtogameprogramming\gat150  gameengine\temp\engine\debug\texture.obj
c:\neumontworkspace\introtogameprogramming\gat150  gameengine\temp\engine\debug\text.obj
c:\neumontworkspace\introtogameprogramming\gat150  gameengine\temp\engine\debug\renderer.obj
c:\neumontworkspace\introtogameprogramming\gat150  gameengine\temp\engine\debug\particlesystem.obj
c:\neumontworkspace\introtogameprogramming\gat150  gameengine\temp\engine\debug\particle.obj
c:\neumontworkspace\introtogameprogramming\gat150  gameengine\temp\engine\debug\model.obj
c:\neumontworkspace\introtogameprogramming\gat150  gameengine\temp\engine\debug\font.obj
c:\neumontworkspace\introtogameprogramming\gat150  gameengine\temp\engine\debug\rigidbody.obj
c:\neumontworkspace\introtogameprogramming\gat150  gameengine\temp\engine\debug\physics.obj
c:\neumontworkspace\introtogameprogramming\gat150  gameengine\temp\engine\debug\transform.obj
c:\neumontworkspace\introtogameprogramming\gat150  gameengine\temp\engine\debug\input.obj
c:\neumontworkspace\introtogameprogramming\gat150  gameengine\bin\engine\debug\engine.lib
c:\neumontworkspace\introtogameprogramming\gat150  gameengine\temp\engine\debug\engine.vcxproj.filelistabsolute.txt
c:\neumontworkspace\introtogameprogramming\gat150  gameengine\temp\engine\debug\engine.tlog\cl.command.1.tlog
c:\neumontworkspace\introtogameprogramming\gat150  gameengine\temp\engine\debug\engine.tlog\cl.items.tlog
c:\neumontworkspace\introtogameprogramming\gat150  gameengine\temp\engine\debug\engine.tlog\cl.read.1.tlog
c:\neumontworkspace\introtogameprogramming\gat150  gameengine\temp\engine\debug\engine.tlog\cl.write.1.tlog
c:\neumontworkspace\introtogameprogramming\gat150  gameengine\temp\engine\debug\engine.tlog\lib-link.read.1.tlog
c:\neumontworkspace\introtogameprogramming\gat150  gameengine\temp\engine\debug\engine.tlog\lib-link.write.1.tlog
c:\neumontworkspace\introtogameprogramming\gat150  gameengine\temp\engine\debug\engine.tlog\lib.command.1.tlog
