c:\neumontworkspace\introtogameprogramming\gat150  gameengine\temp\game\debug\vc143.pdb
c:\neumontworkspace\introtogameprogramming\gat150  gameengine\temp\game\debug\vc143.idb
c:\neumontworkspace\introtogameprogramming\gat150  gameengine\temp\game\debug\mygame.obj
c:\neumontworkspace\introtogameprogramming\gat150  gameengine\temp\game\debug\main.obj
c:\neumontworkspace\introtogameprogramming\gat150  gameengine\temp\game\debug\rocketcomponent.obj
c:\neumontworkspace\introtogameprogramming\gat150  gameengine\temp\game\debug\playercomponent.obj
c:\neumontworkspace\introtogameprogramming\gat150  gameengine\temp\game\debug\charactercomponent.obj
c:\neumontworkspace\introtogameprogramming\gat150  gameengine\bin\game\debug\game.pdb
c:\neumontworkspace\introtogameprogramming\gat150  gameengine\temp\game\debug\game.vcxproj.filelistabsolute.txt
c:\neumontworkspace\introtogameprogramming\gat150  gameengine\temp\game\debug\game.tlog\cl.command.1.tlog
c:\neumontworkspace\introtogameprogramming\gat150  gameengine\temp\game\debug\game.tlog\cl.read.1.tlog
c:\neumontworkspace\introtogameprogramming\gat150  gameengine\temp\game\debug\game.tlog\cl.write.1.tlog
c:\neumontworkspace\introtogameprogramming\gat150  gameengine\temp\game\debug\game.tlog\link-cvtres.read.1.tlog
c:\neumontworkspace\introtogameprogramming\gat150  gameengine\temp\game\debug\game.tlog\link-cvtres.write.1.tlog
c:\neumontworkspace\introtogameprogramming\gat150  gameengine\temp\game\debug\game.tlog\link-rc.read.1.tlog
c:\neumontworkspace\introtogameprogramming\gat150  gameengine\temp\game\debug\game.tlog\link-rc.write.1.tlog
c:\neumontworkspace\introtogameprogramming\gat150  gameengine\temp\game\debug\game.tlog\link.command.1.tlog
c:\neumontworkspace\introtogameprogramming\gat150  gameengine\temp\game\debug\game.tlog\link.read.1.tlog
c:\neumontworkspace\introtogameprogramming\gat150  gameengine\temp\game\debug\game.tlog\link.read.2.tlog
c:\neumontworkspace\introtogameprogramming\gat150  gameengine\temp\game\debug\game.tlog\link.read.3.tlog
c:\neumontworkspace\introtogameprogramming\gat150  gameengine\temp\game\debug\game.tlog\link.read.4.tlog
c:\neumontworkspace\introtogameprogramming\gat150  gameengine\temp\game\debug\game.tlog\link.read.5.tlog
c:\neumontworkspace\introtogameprogramming\gat150  gameengine\temp\game\debug\game.tlog\link.write.1.tlog
